<?xml version="1.0" encoding="UTF-8" ?>
<testsuite tests="28" failures="0" name="com.qa.TestRunner.TestRunner" time="2.582" errors="2" skipped="0">
  <properties>
[...]
</properties>
  <testcase classname="| neeraja.devaki@gmail.com | Sweety23 | anil1 | devaki1 |" name="Given in  alredy in home page" time="0.002"/>
  <testcase classname="| neeraja.devaki@gmail.com | Sweety23 | anil1 | devaki1 |" name="Then in entered &quot;neeraja.devaki@gmail.com&quot; and &quot;Sweety23&quot; and click on login" time="0"/>
  <testcase classname="| neeraja.devaki@gmail.com | Sweety23 | anil1 | devaki1 |" name="Then in click on contracts" time="0"/>
  <testcase classname="| neeraja.devaki@gmail.com | Sweety23 | anil1 | devaki1 |" name="Then in entered &quot;anil1&quot; and &quot;devaki1&quot; and click save" time="0"/>
  <testcase classname="| neeraja.devaki@gmail.com | Sweety23 | anil1 | devaki1 |" name="And in can see bell icon" time="0"/>
  <testcase classname="| neeraja.devaki@gmail.com | Sweety23 | anil1 | devaki1 |" name="| neeraja.devaki@gmail.com | Sweety23 | anil1 | devaki1 |" time="0.588"/>
  <testcase classname="| neeraja.devaki@gmail.com | Sweety23 | anil2 | devaki2 |" name="Given in  alredy in home page" time="0"/>
  <testcase classname="| neeraja.devaki@gmail.com | Sweety23 | anil2 | devaki2 |" name="Then in entered &quot;neeraja.devaki@gmail.com&quot; and &quot;Sweety23&quot; and click on login" time="0"/>
  <testcase classname="| neeraja.devaki@gmail.com | Sweety23 | anil2 | devaki2 |" name="Then in click on contracts" time="0"/>
  <testcase classname="| neeraja.devaki@gmail.com | Sweety23 | anil2 | devaki2 |" name="Then in entered &quot;anil2&quot; and &quot;devaki2&quot; and click save" time="0"/>
  <testcase classname="| neeraja.devaki@gmail.com | Sweety23 | anil2 | devaki2 |" name="And in can see bell icon" time="0"/>
  <testcase classname="| neeraja.devaki@gmail.com | Sweety23 | anil2 | devaki2 |" name="| neeraja.devaki@gmail.com | Sweety23 | anil2 | devaki2 |" time="0.68"/>
  <testcase classname="Scenario: Deals page test" name="Given user alredy in home page." time="0"/>
  <testcase classname="Scenario: Deals page test" name="Then user entered email and password and click on login." time="0"/>
  <testcase classname="Scenario: Deals page test" name="Then user click on deals." time="0"/>
  <testcase classname="Scenario: Deals page test" name="Then user entered deal details." time="0"/>
  <testcase classname="Scenario: Deals page test" name="And user close the browser" time="0"/>
  <testcase classname="Scenario: Deals page test" name="Scenario: Deals page test" time="0.619"/>
  <testcase classname="| neeraja.devaki@gmail.com | Sweety23 |" name="Given user alredy in Home Page" time="0"/>
  <testcase classname="| neeraja.devaki@gmail.com | Sweety23 |" name="When user entered  &quot;neeraja.devaki@gmail.com&quot; and &quot;Sweety23&quot;" time="0"/>
  <testcase classname="| neeraja.devaki@gmail.com | Sweety23 |" name="Then user click on Login Button" time="0.001"/>
  <testcase classname="| neeraja.devaki@gmail.com | Sweety23 |" name="And user successully in Main Page" time="0"/>
  <testcase classname="| neeraja.devaki@gmail.com | Sweety23 |" name="| neeraja.devaki@gmail.com | Sweety23 |" time="0.677"/>
  <testcase classname="| anilkumar.devaki@gmail.com | Sweety23 |" name="Given user alredy in Home Page" time="0"/>
  <testcase classname="| anilkumar.devaki@gmail.com | Sweety23 |" name="When user entered  &quot;anilkumar.devaki@gmail.com&quot; and &quot;Sweety23&quot;" time="0"/>
  <testcase classname="| anilkumar.devaki@gmail.com | Sweety23 |" name="Then user click on Login Button" time="0"/>
  <testcase classname="| anilkumar.devaki@gmail.com | Sweety23 |" name="And user successully in Main Page" time="0.007">
    <error message="no such element: Unable to locate element: {&quot;method&quot;:&quot;xpath&quot;,&quot;selector&quot;:&quot;//button[@class=&apos;ui basic button item&apos;]&quot;}
  (Session info: chrome=87.0.4280.88)
For documentation on this error, please visit: https://www.seleniumhq.org/exceptions/no_such_element.html
Build info: version: &apos;3.141.59&apos;, revision: &apos;e82be7d358&apos;, time: &apos;2018-11-14T08:17:03&apos;
System info: host: &apos;DEVAKI&apos;, ip: &apos;192.168.29.227&apos;, os.name: &apos;Windows 10&apos;, os.arch: &apos;amd64&apos;, os.version: &apos;10.0&apos;, java.version: &apos;15.0.1&apos;
Driver info: org.openqa.selenium.chrome.ChromeDriver
Capabilities {acceptInsecureCerts: false, browserName: chrome, browserVersion: 87.0.4280.88, chrome: {chromedriverVersion: 86.0.4240.22 (398b0743353ff..., userDataDir: C:\Users\anilk\AppData\Loca...}, goog:chromeOptions: {debuggerAddress: localhost:51187}, javascriptEnabled: true, networkConnectionEnabled: false, pageLoadStrategy: normal, platform: WINDOWS, platformName: WINDOWS, proxy: Proxy(), setWindowRect: true, strictFileInteractability: false, timeouts: {implicit: 0, pageLoad: 300000, script: 30000}, unhandledPromptBehavior: dismiss and notify, webauthn:virtualAuthenticators: true}
Session ID: 10bf2f3ae3afb407b3505dc4d79c0aff
*** Element info: {Using=xpath, value=//button[@class=&apos;ui basic button item&apos;]}" type="org.openqa.selenium.NoSuchElementException">org.openqa.selenium.NoSuchElementException: no such element: Unable to locate element: {&quot;method&quot;:&quot;xpath&quot;,&quot;selector&quot;:&quot;//button[@class=&apos;ui basic button item&apos;]&quot;}
  (Session info: chrome=87.0.4280.88)
For documentation on this error, please visit: https://www.seleniumhq.org/exceptions/no_such_element.html
Build info: version: &apos;3.141.59&apos;, revision: &apos;e82be7d358&apos;, time: &apos;2018-11-14T08:17:03&apos;
System info: host: &apos;DEVAKI&apos;, ip: &apos;192.168.29.227&apos;, os.name: &apos;Windows 10&apos;, os.arch: &apos;amd64&apos;, os.version: &apos;10.0&apos;, java.version: &apos;15.0.1&apos;
Driver info: org.openqa.selenium.chrome.ChromeDriver
Capabilities {acceptInsecureCerts: false, browserName: chrome, browserVersion: 87.0.4280.88, chrome: {chromedriverVersion: 86.0.4240.22 (398b0743353ff..., userDataDir: C:\Users\anilk\AppData\Loca...}, goog:chromeOptions: {debuggerAddress: localhost:51187}, javascriptEnabled: true, networkConnectionEnabled: false, pageLoadStrategy: normal, platform: WINDOWS, platformName: WINDOWS, proxy: Proxy(), setWindowRect: true, strictFileInteractability: false, timeouts: {implicit: 0, pageLoad: 300000, script: 30000}, unhandledPromptBehavior: dismiss and notify, webauthn:virtualAuthenticators: true}
Session ID: 10bf2f3ae3afb407b3505dc4d79c0aff
*** Element info: {Using=xpath, value=//button[@class=&apos;ui basic button item&apos;]}
	at java.base/jdk.internal.reflect.NativeConstructorAccessorImpl.newInstance0(Native Method)
	at java.base/jdk.internal.reflect.NativeConstructorAccessorImpl.newInstance(NativeConstructorAccessorImpl.java:64)
	at java.base/jdk.internal.reflect.DelegatingConstructorAccessorImpl.newInstance(DelegatingConstructorAccessorImpl.java:45)
	at java.base/java.lang.reflect.Constructor.newInstanceWithCaller(Constructor.java:500)
	at java.base/java.lang.reflect.Constructor.newInstance(Constructor.java:481)
	at org.openqa.selenium.remote.http.W3CHttpResponseCodec.createException(W3CHttpResponseCodec.java:187)
	at org.openqa.selenium.remote.http.W3CHttpResponseCodec.decode(W3CHttpResponseCodec.java:122)
	at org.openqa.selenium.remote.http.W3CHttpResponseCodec.decode(W3CHttpResponseCodec.java:49)
	at org.openqa.selenium.remote.HttpCommandExecutor.execute(HttpCommandExecutor.java:158)
	at org.openqa.selenium.remote.service.DriverCommandExecutor.execute(DriverCommandExecutor.java:83)
	at org.openqa.selenium.remote.RemoteWebDriver.execute(RemoteWebDriver.java:552)
	at org.openqa.selenium.remote.RemoteWebDriver.findElement(RemoteWebDriver.java:323)
	at org.openqa.selenium.remote.RemoteWebDriver.findElementByXPath(RemoteWebDriver.java:428)
	at org.openqa.selenium.By$ByXPath.findElement(By.java:353)
	at org.openqa.selenium.remote.RemoteWebDriver.findElement(RemoteWebDriver.java:315)
	at com.ra.crm.stepdefination.LoginPage.user_successully_in_Main_Page(LoginPage.java:62)
	at ✽.And user successully in Main Page(Login.feature:20)
</error>
  </testcase>
  <testcase classname="| anilkumar.devaki@gmail.com | Sweety23 |" name="| anilkumar.devaki@gmail.com | Sweety23 |" time="0.008">
    <error message="no such element: Unable to locate element: {&quot;method&quot;:&quot;xpath&quot;,&quot;selector&quot;:&quot;//button[@class=&apos;ui basic button item&apos;]&quot;}
  (Session info: chrome=87.0.4280.88)
For documentation on this error, please visit: https://www.seleniumhq.org/exceptions/no_such_element.html
Build info: version: &apos;3.141.59&apos;, revision: &apos;e82be7d358&apos;, time: &apos;2018-11-14T08:17:03&apos;
System info: host: &apos;DEVAKI&apos;, ip: &apos;192.168.29.227&apos;, os.name: &apos;Windows 10&apos;, os.arch: &apos;amd64&apos;, os.version: &apos;10.0&apos;, java.version: &apos;15.0.1&apos;
Driver info: org.openqa.selenium.chrome.ChromeDriver
Capabilities {acceptInsecureCerts: false, browserName: chrome, browserVersion: 87.0.4280.88, chrome: {chromedriverVersion: 86.0.4240.22 (398b0743353ff..., userDataDir: C:\Users\anilk\AppData\Loca...}, goog:chromeOptions: {debuggerAddress: localhost:51187}, javascriptEnabled: true, networkConnectionEnabled: false, pageLoadStrategy: normal, platform: WINDOWS, platformName: WINDOWS, proxy: Proxy(), setWindowRect: true, strictFileInteractability: false, timeouts: {implicit: 0, pageLoad: 300000, script: 30000}, unhandledPromptBehavior: dismiss and notify, webauthn:virtualAuthenticators: true}
Session ID: 10bf2f3ae3afb407b3505dc4d79c0aff
*** Element info: {Using=xpath, value=//button[@class=&apos;ui basic button item&apos;]}" type="org.openqa.selenium.NoSuchElementException">org.openqa.selenium.NoSuchElementException: no such element: Unable to locate element: {&quot;method&quot;:&quot;xpath&quot;,&quot;selector&quot;:&quot;//button[@class=&apos;ui basic button item&apos;]&quot;}
  (Session info: chrome=87.0.4280.88)
For documentation on this error, please visit: https://www.seleniumhq.org/exceptions/no_such_element.html
Build info: version: &apos;3.141.59&apos;, revision: &apos;e82be7d358&apos;, time: &apos;2018-11-14T08:17:03&apos;
System info: host: &apos;DEVAKI&apos;, ip: &apos;192.168.29.227&apos;, os.name: &apos;Windows 10&apos;, os.arch: &apos;amd64&apos;, os.version: &apos;10.0&apos;, java.version: &apos;15.0.1&apos;
Driver info: org.openqa.selenium.chrome.ChromeDriver
Capabilities {acceptInsecureCerts: false, browserName: chrome, browserVersion: 87.0.4280.88, chrome: {chromedriverVersion: 86.0.4240.22 (398b0743353ff..., userDataDir: C:\Users\anilk\AppData\Loca...}, goog:chromeOptions: {debuggerAddress: localhost:51187}, javascriptEnabled: true, networkConnectionEnabled: false, pageLoadStrategy: normal, platform: WINDOWS, platformName: WINDOWS, proxy: Proxy(), setWindowRect: true, strictFileInteractability: false, timeouts: {implicit: 0, pageLoad: 300000, script: 30000}, unhandledPromptBehavior: dismiss and notify, webauthn:virtualAuthenticators: true}
Session ID: 10bf2f3ae3afb407b3505dc4d79c0aff
*** Element info: {Using=xpath, value=//button[@class=&apos;ui basic button item&apos;]}
	at java.base/jdk.internal.reflect.NativeConstructorAccessorImpl.newInstance0(Native Method)
	at java.base/jdk.internal.reflect.NativeConstructorAccessorImpl.newInstance(NativeConstructorAccessorImpl.java:64)
	at java.base/jdk.internal.reflect.DelegatingConstructorAccessorImpl.newInstance(DelegatingConstructorAccessorImpl.java:45)
	at java.base/java.lang.reflect.Constructor.newInstanceWithCaller(Constructor.java:500)
	at java.base/java.lang.reflect.Constructor.newInstance(Constructor.java:481)
	at org.openqa.selenium.remote.http.W3CHttpResponseCodec.createException(W3CHttpResponseCodec.java:187)
	at org.openqa.selenium.remote.http.W3CHttpResponseCodec.decode(W3CHttpResponseCodec.java:122)
	at org.openqa.selenium.remote.http.W3CHttpResponseCodec.decode(W3CHttpResponseCodec.java:49)
	at org.openqa.selenium.remote.HttpCommandExecutor.execute(HttpCommandExecutor.java:158)
	at org.openqa.selenium.remote.service.DriverCommandExecutor.execute(DriverCommandExecutor.java:83)
	at org.openqa.selenium.remote.RemoteWebDriver.execute(RemoteWebDriver.java:552)
	at org.openqa.selenium.remote.RemoteWebDriver.findElement(RemoteWebDriver.java:323)
	at org.openqa.selenium.remote.RemoteWebDriver.findElementByXPath(RemoteWebDriver.java:428)
	at org.openqa.selenium.By$ByXPath.findElement(By.java:353)
	at org.openqa.selenium.remote.RemoteWebDriver.findElement(RemoteWebDriver.java:315)
	at com.ra.crm.stepdefination.LoginPage.user_successully_in_Main_Page(LoginPage.java:62)
	at ✽.And user successully in Main Page(Login.feature:20)
</error>
  </testcase>
</testsuite>